Scanning token pairs of pangolin
Start!
1137960 0 0x62Ae3b99635cb06960edD2664118FcC2ad2D8397 amount0 : 0.00000000 , USD0 val: no amount1 : 0.00000000 , USD1 val: 0
token0 : 0x2482ec3928aDf1718caA5956608684F5A54e14D0 , token1 : 0xB31f66AA3C1e785363F0875A1B74E27b85FD66c7
44576719950754629439 0 0x18E811962dF4F60045D9d91cb7d8CC3f875D5d1F amount0 : 44.57671995 , USD0 val: no amount1 : 0.00000000 , USD1 val: 0
token0 : 0x16B7E48Cf0cff4A63A53f98f0429855d3D174eE2 , token1 : 0xB31f66AA3C1e785363F0875A1B74E27b85FD66c7
5224825 0 0xAaFD91B0b9647668917A5555C92c9F9ea4aeB331 amount0 : 0.00000000 , USD0 val: 0 amount1 : 0.00000000 , USD1 val: 0
token0 : 0x90842eb834cFD2A1DB0b1512B254a18E4D396215 , token1 : 0xC38f41A296A4493Ff429F1238e030924A1542e50
-959089801 0 0xBD50cc8a8e209fBE80E248b0125A5924ba74b873 amount0 : -0.00000000 , USD0 val: 0 amount1 : 0.00000000 , USD1 val: 0
token0 : 0x027dbcA046ca156De9622cD1e2D907d375e53aa7 , token1 : 0x60781C2586D68229fde47564546784ab3fACA982
0 5580602318049323872349 0xE6e427c774417E5AD9A8997d09A8d05E4FCcEc95 amount0 : 0.00000000 , USD0 val: 0 amount1 : 5580.60231805 , USD1 val: no
token0 : 0xB31f66AA3C1e785363F0875A1B74E27b85FD66c7 , token1 : 0xc90754E1170aC0ea46BE42d64205c70459E87C2f
195378460073126424 0 0xF60572508a143DD29359A1c9ee9CD6C58e591565 amount0 : 0.19537846 , USD0 val: no amount1 : 0.00000000 , USD1 val: 0
token0 : 0x78eb828c194c938a35715bF4D4b1b45914aaF19C , token1 : 0xB31f66AA3C1e785363F0875A1B74E27b85FD66c7
56239 0 0x6EB4e137097D3E704ab0B64d94a66367aB532e53 amount0 : 0.00000000 , USD0 val: no amount1 : 0.00000000 , USD1 val: 0
token0 : 0xAaEC4017381A1D1E564cB88600C001D05b21571D , token1 : 0xB31f66AA3C1e785363F0875A1B74E27b85FD66c7
0 2 0x6ADEfE414B15ed3083f89aef8fb5b647D416F755 amount0 : 0.00000000 , USD0 val: 0 amount1 : 0.00000000 , USD1 val: no
token0 : 0xB31f66AA3C1e785363F0875A1B74E27b85FD66c7 , token1 : 0xDd8E1245F8B285672111C9e4051504D654f4d43A
50889 0 0xe5aB6a076d9Cf313cB4473c725942A66A1416C20 amount0 : 0.00000000 , USD0 val: no amount1 : 0.00000000 , USD1 val: 0
token0 : 0x828Efb0Df06361589857a74d0C71A353Dae449A1 , token1 : 0xB31f66AA3C1e785363F0875A1B74E27b85FD66c7
15054804031375223 0 0xCDDdf956ef7Fe1F90F80A330dd5F6863B1574b7e amount0 : 0.01505480 , USD0 val: no amount1 : 0.00000000 , USD1 val: 0
token0 : 0x1843bf2ccbc3D9E788DcAC7612767F8e86795852 , token1 : 0xB31f66AA3C1e785363F0875A1B74E27b85FD66c7
429275637 0 0x2876EC6Ca6576C679d2CbBA6cE1Fdd7F06B243A3 amount0 : 0.00000000 , USD0 val: 0 amount1 : 0.00000000 , USD1 val: 0
token0 : 0x542fA0B261503333B90fE60c78F2BeeD16b7b7fD , token1 : 0xA32608e873F9DdEF944B24798db69d80Bbb4d1ed
0 71250739 0x7F3e344C1587E833c2543c8b90e6233b0D791719 amount0 : 0.00000000 , USD0 val: 0 amount1 : 0.00000000 , USD1 val: 0
token0 : 0x130966628846BFd36ff31a822705796e8cb8C18D , token1 : 0x90842eb834cFD2A1DB0b1512B254a18E4D396215
540103720913466448 0 0x741D03cD34069A9CC80413B100D679aB18Ff780c amount0 : 0.54010372 , USD0 val: no amount1 : 0.00000000 , USD1 val: no
token0 : 0x18820540e8b713906468CC3cB68b8a57E35c0e0A , token1 : 0x74A68215AEdf59f317a23E87C13B848a292F27A4
0 60864217 0xCb4061c8aDb8C9D4d055aFE7d1a3Da596D7ab24F amount0 : 0.00000000 , USD0 val: 0 amount1 : 0.00000000 , USD1 val: 0
token0 : 0xB31f66AA3C1e785363F0875A1B74E27b85FD66c7 , token1 : 0xD17584633bc8D190E5A14502976daD9640456D6d
42949548971 0 0x1BeD93805585992Ec56c0206bbd3bADf323ACdBE amount0 : 0.00000004 , USD0 val: 0 amount1 : 0.00000000 , USD1 val: 0
token0 : 0x542fA0B261503333B90fE60c78F2BeeD16b7b7fD , token1 : 0xB31f66AA3C1e785363F0875A1B74E27b85FD66c7
-5771370 0 0xE7141D7bf1cddBB17b89d857f5A1AC0b74B23eda amount0 : -0.00000000 , USD0 val: 0 amount1 : 0.00000000 , USD1 val: 0
token0 : 0x027dbcA046ca156De9622cD1e2D907d375e53aa7 , token1 : 0xA7D7079b0FEaD91F3e65f86E8915Cb59c1a4C664
-1 0 0xb6B27AE99EEB699eCE387a43fECcb4F09DC09739 amount0 : -0.00000000 , USD0 val: no amount1 : 0.00000000 , USD1 val: 0
token0 : 0x0aFa65eE03909B703704E38b183567A4ee4209f4 , token1 : 0xB31f66AA3C1e785363F0875A1B74E27b85FD66c7
213063021969616528 0 0x31CCBeEB4791fCD6B2F463A00E910DEB7a097aF3 amount0 : 0.21306302 , USD0 val: 0 amount1 : 0.00000000 , USD1 val: no
token0 : 0x440aBbf18c54b2782A4917b80a1746d3A2c2Cce1 , token1 : 0x7F29e7086453ed97283893E763aE0989F4B70f8d
1770 0 0xE73BC1989df94aac37189f87295BB0359b1bbcBA amount0 : 0.00000000 , USD0 val: 0 amount1 : 0.00000000 , USD1 val: 0
token0 : 0x4501e37a79cf953116331a105B3644d07b74C0F8 , token1 : 0xB31f66AA3C1e785363F0875A1B74E27b85FD66c7
8628757698737747704331 0 0x597C8ae9DEC691730DdE27976a980BAC16EaeB84 amount0 : 8628.75769874 , USD0 val: no amount1 : 0.00000000 , USD1 val: 0
token0 : 0x45CdaF3Fd17BD31d9830Fa977159162DD2431683 , token1 : 0x49D5c2BdFfac6CE2BFdB6640F4F80f226bc10bAB
146088637700011408014 0 0x18316cEe988cc464F3E514da0182c295E9bAae31 amount0 : 146.08863770 , USD0 val: 0.05 amount1 : 0.00000000 , USD1 val: no
token0 : 0x440aBbf18c54b2782A4917b80a1746d3A2c2Cce1 , token1 : 0x9712942e80C56e0b54327610E90BA89F5B26E1D2
10648087915 0 0xbD3Daa2d58Afd6811cF5c688b7f209D1C35d06f5 amount0 : 0.00000001 , USD0 val: no amount1 : 0.00000000 , USD1 val: no
token0 : 0x1F1FE1eF06ab30a791d6357FdF0a7361B39b1537 , token1 : 0x88dc0ca6bCC47c37343bb0560D7616A4bE6986Fe
6157770529252933732646 0 0x93d389fBC7Ea3770d915CfFDEb677Ee6B4D4cCaF amount0 : 6157.77052925 , USD0 val: no amount1 : 0.00000000 , USD1 val: 0
token0 : 0x45CdaF3Fd17BD31d9830Fa977159162DD2431683 , token1 : 0xB31f66AA3C1e785363F0875A1B74E27b85FD66c7
10528533546790113 0 0xa29724e6A0dC85f549D407D1bb1594E6fddf8924 amount0 : 0.01052853 , USD0 val: no amount1 : 0.00000000 , USD1 val: 0
token0 : 0x4152764D5147E835161e2eAD6822c00fe8afDe86 , token1 : 0xB31f66AA3C1e785363F0875A1B74E27b85FD66c7
13 0 0x7df35dC8215C02a2aEc96845d16d027f0049B5a3 amount0 : 0.00000000 , USD0 val: no amount1 : 0.00000000 , USD1 val: 0
token0 : 0x6cBeb31B417481ae5003C40e0dF918a7Ccc06fEB , token1 : 0xA7D7079b0FEaD91F3e65f86E8915Cb59c1a4C664
0 137117709 0x9637FDAf9336998A926Db58DA5c5A3011ce057aF amount0 : 0.00000000 , USD0 val: no amount1 : 0.00000000 , USD1 val: 0
token0 : 0x894Aa2D0D3e63471C5FfbD22a8A95C8476826cF9 , token1 : 0x90842eb834cFD2A1DB0b1512B254a18E4D396215
2323700754250723472 0 0x3E1Eb6805DcF4468eC56f76FaffAF5D89e1598DE amount0 : 2.32370075 , USD0 val: 0 amount1 : 0.00000000 , USD1 val: 0
token0 : 0x440aBbf18c54b2782A4917b80a1746d3A2c2Cce1 , token1 : 0x76076880e1EBBcE597e6E15c47386cd34de4930F
24661265082 0 0x476c78E2eDbe620B7417c5d669bEdC828f25BcF0 amount0 : 0.00000002 , USD0 val: no amount1 : 0.00000000 , USD1 val: 0
token0 : 0x9d11BB9B6b6134182477859937c4c3921F5bF441 , token1 : 0xB31f66AA3C1e785363F0875A1B74E27b85FD66c7
48479753341034543 26268576443824 0xb2022D1A2E30b4140907331398B7A5b9834A3c2d amount0 : 0.04847975 , USD0 val: 0 amount1 : 0.00002627 , USD1 val: no
token0 : 0x440aBbf18c54b2782A4917b80a1746d3A2c2Cce1 , token1 : 0xE9D00cBC5f02614d7281D742E6E815A47ce31107
0 6007027 0x66e4B4549B6c279a70a12Bd455e098Ac6384427e amount0 : 0.00000000 , USD0 val: no amount1 : 0.00000000 , USD1 val: 0
token0 : 0x8A9B36393633aD77ceb8aebC7768815627B93557 , token1 : 0x90842eb834cFD2A1DB0b1512B254a18E4D396215
0 429895 0xEF48874a73F24D87f5e6228970999f6D821d32C7 amount0 : 0.00000000 , USD0 val: 0 amount1 : 0.00000000 , USD1 val: 0
token0 : 0x6AFD5A1ea4b793CC1526d6Dc7e99A608b356eF7b , token1 : 0x90842eb834cFD2A1DB0b1512B254a18E4D396215
962956 0 0xfD35AC38ef7191395A7f67b8399bD03f3B6666c9 amount0 : 0.00000000 , USD0 val: 0 amount1 : 0.00000000 , USD1 val: no
token0 : 0x90842eb834cFD2A1DB0b1512B254a18E4D396215 , token1 : 0x999c891262ce01f1C1AFD1D46260E4c1E508B243
0 1351053 0x0BB7fE0204F3F8c4B004d4B074dfC784d2079a28 amount0 : 0.00000000 , USD0 val: 0 amount1 : 0.00000000 , USD1 val: 0
token0 : 0x8729438EB15e2C8B576fCc6AeCdA6A148776C0F5 , token1 : 0x90842eb834cFD2A1DB0b1512B254a18E4D396215
0 1725 0x99cb64375825Eb91e1DB72bc04C223100c480EA8 amount0 : 0.00000000 , USD0 val: 0 amount1 : 0.00000000 , USD1 val: 0
token0 : 0x397bBd6A0E41bdF4C3F971731E180Db8Ad06eBc1 , token1 : 0x90842eb834cFD2A1DB0b1512B254a18E4D396215
0 906349 0x258C03Cb11A4a4F7878A24AAA897D96Af1026526 amount0 : 0.00000000 , USD0 val: 0 amount1 : 0.00000000 , USD1 val: 0
token0 : 0x60781C2586D68229fde47564546784ab3fACA982 , token1 : 0x90842eb834cFD2A1DB0b1512B254a18E4D396215
18126445 0 0xDE1F5825c92398edF6FE68B79d33d7D076889E33 amount0 : 0.00000000 , USD0 val: 0 amount1 : 0.00000000 , USD1 val: 0
token0 : 0x90842eb834cFD2A1DB0b1512B254a18E4D396215 , token1 : 0xA7D7079b0FEaD91F3e65f86E8915Cb59c1a4C664
984909 0 0xF8Cb68662B0baF767Ea635e1684451D5840EDF95 amount0 : 0.00000000 , USD0 val: 0 amount1 : 0.00000000 , USD1 val: no
token0 : 0x90842eb834cFD2A1DB0b1512B254a18E4D396215 , token1 : 0xB9cD294a96e14b0D7B855E36385E8292F428C289
33295526 0 0x95D325564b63b092f18dA78A5485fFC4f282b3a2 amount0 : 0.00000000 , USD0 val: no amount1 : 0.00000000 , USD1 val: 0
token0 : 0x1DDB97712ce0793bC398b299373843fE427Fe8f1 , token1 : 0xB31f66AA3C1e785363F0875A1B74E27b85FD66c7
7750591 0 0x0A1041fEB651b1daa2f23EBa7DAB3898D6b9A4Fe amount0 : 0.00000000 , USD0 val: 0 amount1 : 0.00000000 , USD1 val: 0
token0 : 0x90842eb834cFD2A1DB0b1512B254a18E4D396215 , token1 : 0xB31f66AA3C1e785363F0875A1B74E27b85FD66c7
450055 0 0xa0CDD0687898b57353446bEd265933405dDCA8a2 amount0 : 0.00000000 , USD0 val: 0 amount1 : 0.00000000 , USD1 val: 0
token0 : 0x90842eb834cFD2A1DB0b1512B254a18E4D396215 , token1 : 0xc7198437980c041c805A1EDcbA50c1Ce5db95118
0 247286489 0xB11182dcE2404fe23C9Bba6dF1Ff33429087BfA9 amount0 : 0.00000000 , USD0 val: 0 amount1 : 0.00000000 , USD1 val: no
token0 : 0xB31f66AA3C1e785363F0875A1B74E27b85FD66c7 , token1 : 0xee4c347eFcF9ea6e7B0bDA737c931c1b5Db240c2
14601539 0 0x1E3D7ebB170cfd2b96BC73BeC791f23889Cf787a amount0 : 0.00000000 , USD0 val: no amount1 : 0.00000000 , USD1 val: 0
token0 : 0x4f0a65ac79dC68191990a9AE6C1DB53dD821b28B , token1 : 0xB31f66AA3C1e785363F0875A1B74E27b85FD66c7
711669114 0 0xf06B65C1cac236839C127d268dACB976aee70bC2 amount0 : 0.00000000 , USD0 val: no amount1 : 0.00000000 , USD1 val: 0
token0 : 0x446cF7887f7D0250d8Fa700c0Dae22B405e104b0 , token1 : 0xB31f66AA3C1e785363F0875A1B74E27b85FD66c7
4402671 0 0x881DD031222b688013a7e3B8432bC4aA2C2C1744 amount0 : 0.00000000 , USD0 val: 0 amount1 : 0.00000000 , USD1 val: no
token0 : 0x2841A8a2ce98A9d21aD8C3B7Fc481527569bd7bb , token1 : 0x3b6A1C702D4f5CB4fd62c3967E3527c5Cf26fDb5
175774235888662766 0 0x2a8B3dA7bf46E350ef2337F5C0883B3760096D3c amount0 : 0.17577424 , USD0 val: 0 amount1 : 0.00000000 , USD1 val: 0
token0 : 0x440aBbf18c54b2782A4917b80a1746d3A2c2Cce1 , token1 : 0xc7198437980c041c805A1EDcbA50c1Ce5db95118
2 0 0x64D88707597F6FF0552b0C8F5DBb126628cC2E44 amount0 : 0.00000000 , USD0 val: no amount1 : 0.00000000 , USD1 val: 0
token0 : 0x8cd6aa872AbDCC35a3285ada6b7b5dE03b4AbDF5 , token1 : 0xB31f66AA3C1e785363F0875A1B74E27b85FD66c7
40000000000000001 0 0x883152f7f1B821eBEbc41aac9A2Acc149dC95C4f amount0 : 0.04000000 , USD0 val: no amount1 : 0.00000000 , USD1 val: no
token0 : 0x384201e4f98E0C3A753c064bbC7FFcCF8f15D9C0 , token1 : 0x58A1795197A199CB1f32A5e1f0D84f931EC470ff
490551829 0 0x68a30f9843246828f019b12589F44Cc83f583057 amount0 : 0.00000000 , USD0 val: no amount1 : 0.00000000 , USD1 val: 0
token0 : 0x3Dc3D7A48c71A9b0D1dDc4b36e73F95C14Da470D , token1 : 0xB31f66AA3C1e785363F0875A1B74E27b85FD66c7
161412 0 0xCa396aD24252D1AD76406443364823991F2DCDdB amount0 : 0.00000000 , USD0 val: no amount1 : 0.00000000 , USD1 val: 0
token0 : 0x3B0A467f7789F0602a9cc7439fe393eEBCEcC0aC , token1 : 0xB31f66AA3C1e785363F0875A1B74E27b85FD66c7
0 12 0xB9E5e2A07168A2c2FfE53DA9fA11670e70Cc16E6 amount0 : 0.00000000 , USD0 val: no amount1 : 0.00000000 , USD1 val: no
token0 : 0x4bDDB0A671C92b65F065121c6998df67fb4Bf2eF , token1 : 0xE9D00cBC5f02614d7281D742E6E815A47ce31107
49 0 0x9610B9cab2b0D76B3d79d41d43C6fA44c1f45152 amount0 : 0.00000000 , USD0 val: no amount1 : 0.00000000 , USD1 val: no
token0 : 0x0eBf76E1D80D2900730555E2A97E2A11E7F3B452 , token1 : 0xdeFC5460c49C1870d0aD1Cd12656203690cdb3cd
0 156493249117977 0x79008e1eA17f50E64ac8b02Ea527372d2F3173D6 amount0 : 0.00000000 , USD0 val: 0 amount1 : 0.00015649 , USD1 val: no
token0 : 0x59414b3089ce2AF0010e7523Dea7E2b35d776ec7 , token1 : 0xE9D00cBC5f02614d7281D742E6E815A47ce31107
23916050618 0 0x50DA70219137954DFa29a7C48b9C37108bD5F345 amount0 : 0.00000002 , USD0 val: no amount1 : 0.00000000 , USD1 val: 0
token0 : 0x8d43c6919C9339009E1D36cF87ad7016462a9332 , token1 : 0xB31f66AA3C1e785363F0875A1B74E27b85FD66c7
0 3541908978722866582 0x4C22840d8F60bC1077948D21CE69618fE3F90bd1 amount0 : 0.00000000 , USD0 val: 0 amount1 : 3.54190898 , USD1 val: no
token0 : 0xB31f66AA3C1e785363F0875A1B74E27b85FD66c7 , token1 : 0xbD06493BC4643B5AE449460Ea1Fa4c231E3e88bC
0 737817 0x678c845cA61e2146ffC727d9e9291bEC3530C676 amount0 : 0.00000000 , USD0 val: 0 amount1 : 0.00000000 , USD1 val: no
token0 : 0xB31f66AA3C1e785363F0875A1B74E27b85FD66c7 , token1 : 0xD5Ac41B80B49301079499B2161dd500777c483ea
25454071821909687512 187216586565805783 0xeE6308B7c68D4672c9dF982AbE75F51242539825 amount0 : 25.45407182 , USD0 val: no amount1 : 0.18721659 , USD1 val: no
token0 : 0x4bDDB0A671C92b65F065121c6998df67fb4Bf2eF , token1 : 0xb29C57c90e2528B1D24144E25636c80Ff071fCBA
1867364 0 0xA6327d12F9D70BA78C0F9e7AEe8b25EA94F4a7c1 amount0 : 0.00000000 , USD0 val: no amount1 : 0.00000000 , USD1 val: 0
token0 : 0xa68C8256Bd9a80509e2cb4F2440339264BdFd1F3 , token1 : 0xB31f66AA3C1e785363F0875A1B74E27b85FD66c7
0 691716 0xbD3F8f45F9a5B5f779E77229Ae6468f30466Da45 amount0 : 0.00000000 , USD0 val: 0 amount1 : 0.00000000 , USD1 val: no
token0 : 0xB31f66AA3C1e785363F0875A1B74E27b85FD66c7 , token1 : 0xc7bE27B8F1c0B3b72B401BCd2128E32D1A3a589a
0 4858526778 0x4c02552CA8671A0B6fb9D7c442223D88fe306698 amount0 : 0.00000000 , USD0 val: no amount1 : 0.00000000 , USD1 val: no
token0 : 0x94D1e159b3d7604f0d8655e358B46026b274bBd4 , token1 : 0xb29C57c90e2528B1D24144E25636c80Ff071fCBA
0 4813919 0xb2d4c9D2Fd9b60de66Eb27c5246D8b27028c1Bbd amount0 : 0.00000000 , USD0 val: 0 amount1 : 0.00000000 , USD1 val: no
token0 : 0xB31f66AA3C1e785363F0875A1B74E27b85FD66c7 , token1 : 0xB8fC9e889FEc259dfDa5023Eb2d97A3Efa4a230C
0 8178204 0x420C9556a9d8630CB84FA57aB3c4CbeB5d2A6833 amount0 : 0.00000000 , USD0 val: 0 amount1 : 0.00000000 , USD1 val: no
token0 : 0xB31f66AA3C1e785363F0875A1B74E27b85FD66c7 , token1 : 0xcbD3D52b5EF2e7250E263F38B051dA64DC1862A2
0 672015 0xD84284E9b7488DF7CA6fa7048024552EF6c94639 amount0 : 0.00000000 , USD0 val: 0 amount1 : 0.00000000 , USD1 val: no
token0 : 0xB31f66AA3C1e785363F0875A1B74E27b85FD66c7 , token1 : 0xD0eCDe50CED7DF2d64ABD3360357C3Fad3A75B06
1 0 0xfaE8d458999AC457869a2571850A3219C6e6e6B6 amount0 : 0.00000000 , USD0 val: no amount1 : 0.00000000 , USD1 val: 0
token0 : 0x185ba2543b27886676D8268A806Ad0C149560Ce7 , token1 : 0xB31f66AA3C1e785363F0875A1B74E27b85FD66c7
0 6 0x1828Ef4f50f07c679514055fA1df486cE7CA5F67 amount0 : 0.00000000 , USD0 val: 0 amount1 : 0.00000000 , USD1 val: no
token0 : 0xB31f66AA3C1e785363F0875A1B74E27b85FD66c7 , token1 : 0xE2037ee8b428D2B1dEfD8b71252580F3205E54Ee
5980220537879176173921557 3505520433755217420 0x1a68a46c6A7369b6Aa532879AF1D2FAeF7D08818 amount0 : 5980220.53787918 , USD0 val: no amount1 : 3.50552043 , USD1 val: no
token0 : 0x18820540e8b713906468CC3cB68b8a57E35c0e0A , token1 : 0x94D1e159b3d7604f0d8655e358B46026b274bBd4
43 19 0x4aD8143B26AF8021A2B88114C42d0f3938D551FB amount0 : 0.00000000 , USD0 val: no amount1 : 0.00000000 , USD1 val: no
token0 : 0x94D1e159b3d7604f0d8655e358B46026b274bBd4 , token1 : 0xE9D00cBC5f02614d7281D742E6E815A47ce31107
2726636743540179 0 0x4FDe0c0d22Cc80672395efD3c149EB307f265806 amount0 : 0.00272664 , USD0 val: no amount1 : 0.00000000 , USD1 val: 0
token0 : 0x94D1e159b3d7604f0d8655e358B46026b274bBd4 , token1 : 0xB31f66AA3C1e785363F0875A1B74E27b85FD66c7
0 1764690 0x67a84C25b8Fa5C0E69481bD5470211464FF4BCE6 amount0 : 0.00000000 , USD0 val: 0 amount1 : 0.00000000 , USD1 val: no
token0 : 0xB31f66AA3C1e785363F0875A1B74E27b85FD66c7 , token1 : 0xE1B5e9a0C8E7B35714Cf17f3c5cac923b63F9735
0 3887604 0x4fd7FaF2C4677c36626058617291491a9A221402 amount0 : 0.00000000 , USD0 val: 0 amount1 : 0.00000000 , USD1 val: no
token0 : 0xB31f66AA3C1e785363F0875A1B74E27b85FD66c7 , token1 : 0xCC72BCd9F25dde22e5780a513e0A42a2503DB33d
3341108 0 0x095b90e6f9A17A69251bB786F14EDdf136BBc9f9 amount0 : 0.00000000 , USD0 val: no amount1 : 0.00000000 , USD1 val: 0
token0 : 0x76363b3240c671291F43b62ABb21f33d0F6B95C3 , token1 : 0xB31f66AA3C1e785363F0875A1B74E27b85FD66c7
1450367 0 0xFD1C8ef7c066b107ce9fD07eEcC5EEa8E06810DF amount0 : 0.00000000 , USD0 val: no amount1 : 0.00000000 , USD1 val: 0
token0 : 0x0A3D09916fBFB199F092147f27d53aaA9B6eE1e4 , token1 : 0xB31f66AA3C1e785363F0875A1B74E27b85FD66c7
2561753 0 0x6d4328cBd5Ca459844A900ADE548139688BE0879 amount0 : 0.00000000 , USD0 val: no amount1 : 0.00000000 , USD1 val: 0
token0 : 0x621Dd9fB5a5965EA905e5dcF71EEeBaf0d4642EC , token1 : 0xB31f66AA3C1e785363F0875A1B74E27b85FD66c7
204804330190880267 1948165375229746 0xe295eaDFe03b4F82ECaFC9723df94b442C267afC amount0 : 0.20480433 , USD0 val: no amount1 : 0.00194817 , USD1 val: no
token0 : 0xb29C57c90e2528B1D24144E25636c80Ff071fCBA , token1 : 0xE9D00cBC5f02614d7281D742E6E815A47ce31107
10 0 0xd317fF58A55BF4af5b573Af96bc7b9373915ff7f amount0 : 0.00000000 , USD0 val: 0 amount1 : 0.00000000 , USD1 val: no
token0 : 0x6e7f5C0b9f4432716bDd0a77a3601291b9D9e985 , token1 : 0xD9702F5E3b0eb7452967CB82529776D672bdC03F
1 0 0x423A7Fe38408131e34bb525c07c926425604Ef7B amount0 : 0.00000000 , USD0 val: no amount1 : 0.00000000 , USD1 val: 0
token0 : 0xb29C57c90e2528B1D24144E25636c80Ff071fCBA , token1 : 0xB31f66AA3C1e785363F0875A1B74E27b85FD66c7
84498925 0 0xc9d66b90738332B11A7e013f4Fa2722066BD4A36 amount0 : 0.00000000 , USD0 val: no amount1 : 0.00000000 , USD1 val: 0
token0 : 0x18820540e8b713906468CC3cB68b8a57E35c0e0A , token1 : 0xc7198437980c041c805A1EDcbA50c1Ce5db95118
0 277 0x82306c8Ae78d524Ad490A72Dc4eA7404a082Ace3 amount0 : 0.00000000 , USD0 val: no amount1 : 0.00000000 , USD1 val: no
token0 : 0xd2e67A94d6c21022B559DaFC753B4DDa4E87FA17 , token1 : 0xE9D00cBC5f02614d7281D742E6E815A47ce31107
17367696547675871595823503 184519446100262869 0xA265b61158FDC81DF9097D136f187Ad8F6cfE00e amount0 : 17367696.54767587 , USD0 val: no amount1 : 0.18451945 , USD1 val: no
token0 : 0x18820540e8b713906468CC3cB68b8a57E35c0e0A , token1 : 0xd2e67A94d6c21022B559DaFC753B4DDa4E87FA17
0 192713868434464 0xE2207f4e23bA57Cf0132152b0d364bE5ec834B27 amount0 : 0.00000000 , USD0 val: 0 amount1 : 0.00019271 , USD1 val: no
token0 : 0xB31f66AA3C1e785363F0875A1B74E27b85FD66c7 , token1 : 0xd2e67A94d6c21022B559DaFC753B4DDa4E87FA17
0 60 0x9CF3d417a7A6466254060DDAA27F38dC7cf37B74 amount0 : 0.00000000 , USD0 val: 0 amount1 : 0.00000000 , USD1 val: no
token0 : 0x8729438EB15e2C8B576fCc6AeCdA6A148776C0F5 , token1 : 0xE9D00cBC5f02614d7281D742E6E815A47ce31107
7072 1 0x54a24d8062a2E072cC353cc0A80633F9a71106ec amount0 : 0.00000000 , USD0 val: no amount1 : 0.00000000 , USD1 val: no
token0 : 0x8d4A8522f2FB040d4755757C05d99976C0D29fCE , token1 : 0xD8b9F9B8dd11B9F6a1e0C7Da6a2690720FDC8Da3
0 430422191965148928 0xbBD098c7a0335D4237FbDD14b91EFEd163B29E4a amount0 : 0.00000000 , USD0 val: 0 amount1 : 0.43042219 , USD1 val: no
token0 : 0xB31f66AA3C1e785363F0875A1B74E27b85FD66c7 , token1 : 0xD8b9F9B8dd11B9F6a1e0C7Da6a2690720FDC8Da3
23043615479558750680 0 0x1ca191B16bdB6687612636862294E01ed9076f1C amount0 : 23.04361548 , USD0 val: no amount1 : 0.00000000 , USD1 val: no
token0 : 0x9E7890B2E2dE38D764A29b0DE1e2B9b37C90Ddb9 , token1 : 0xdb333724fAE72b4253FC3d44c8270CBBC86d147b
0 26 0xdBb9077fdeb1E7F9a9a8f12ff220d9e4ac4197Ba amount0 : 0.00000000 , USD0 val: 0 amount1 : 0.00000000 , USD1 val: no
token0 : 0xB31f66AA3C1e785363F0875A1B74E27b85FD66c7 , token1 : 0xfb544dFd899654B508848134f061d3ADD4921598
0 200822966573281879 0xB481B8860E2DD1fC627319a5CD0a2Ab86E4DB7EF amount0 : 0.00000000 , USD0 val: 0 amount1 : 0.20082297 , USD1 val: 0
token0 : 0x61eCd63e42C27415696e10864d70ecEA4aA11289 , token1 : 0x6e7f5C0b9f4432716bDd0a77a3601291b9D9e985
5563749978086 0 0x4a86b3a728016AB248D51a444C535d5C96089F1D amount0 : 0.00000556 , USD0 val: no amount1 : 0.00000000 , USD1 val: no
token0 : 0x8d4A8522f2FB040d4755757C05d99976C0D29fCE , token1 : 0xde3A24028580884448a5397872046a019649b084
383385186 0 0x0A74E59576bAA40c4E18603B95E0978340A1935C amount0 : 0.00000000 , USD0 val: no amount1 : 0.00000000 , USD1 val: 0
token0 : 0x4DB1A96ee90a4fb08E0489f55bfaf5F5aF294a13 , token1 : 0xB31f66AA3C1e785363F0875A1B74E27b85FD66c7
-36233824637 3774384 0x2970cC31640023139e9453417F9A6D02fE2491DD amount0 : -0.00000004 , USD0 val: no amount1 : 0.00000000 , USD1 val: 0
token0 : 0x1F1FE1eF06ab30a791d6357FdF0a7361B39b1537 , token1 : 0x2841A8a2ce98A9d21aD8C3B7Fc481527569bd7bb
2584639279375 0 0x8Ce9AE0942FE20e6088044C1ae799832156e2525 amount0 : 0.00000258 , USD0 val: 0 amount1 : 0.00000000 , USD1 val: 0
token0 : 0x6e7f5C0b9f4432716bDd0a77a3601291b9D9e985 , token1 : 0xd1c3f94DE7e5B45fa4eDBBA472491a9f4B166FC4
0 1120942 0x2CADaAFa2d4F2B5C63984A797252d79ECeEA8C35 amount0 : 0.00000000 , USD0 val: 0 amount1 : 0.00000000 , USD1 val: no
token0 : 0xB31f66AA3C1e785363F0875A1B74E27b85FD66c7 , token1 : 0xe96f264ac67163D22773d26F3aFeE9b5B653F1E5
0 296 0x30755A30C6a7E5907A0fBDbb8216fa3e90bD1322 amount0 : 0.00000000 , USD0 val: 0 amount1 : 0.00000000 , USD1 val: no
token0 : 0xd1c3f94DE7e5B45fa4eDBBA472491a9f4B166FC4 , token1 : 0xE9D00cBC5f02614d7281D742E6E815A47ce31107
14325154136226702 0 0xc33e533dF342Ff3A7240F76C60Aa638a1e254a6A amount0 : 0.01432515 , USD0 val: no amount1 : 0.00000000 , USD1 val: 0
token0 : 0x8349088C575cA45f5A63947FEAeaEcC41136fA01 , token1 : 0x846D50248BAf8b7ceAA9d9B53BFd12d7D7FBB25a
0 140 0x3AEE57C64f395E9c71714Dc92e4e9c13128b17C3 amount0 : 0.00000000 , USD0 val: 0 amount1 : 0.00000000 , USD1 val: no
token0 : 0x60781C2586D68229fde47564546784ab3fACA982 , token1 : 0x8349088C575cA45f5A63947FEAeaEcC41136fA01
215 27 0x099A14433371c6683A8F6D2395b84a2A503B5fF9 amount0 : 0.00000000 , USD0 val: no amount1 : 0.00000000 , USD1 val: no
token0 : 0x8349088C575cA45f5A63947FEAeaEcC41136fA01 , token1 : 0xE9D00cBC5f02614d7281D742E6E815A47ce31107
51 0 0xaB25A079a30b7819C853cf810D09D4B3c478b012 amount0 : 0.00000000 , USD0 val: 0 amount1 : 0.00000000 , USD1 val: no
token0 : 0x6e7f5C0b9f4432716bDd0a77a3601291b9D9e985 , token1 : 0x7D1cfFB5c0563f2666769EfC16157A72F31513d4
0 1589390606356331304291 0xd4a07AC5d34C85502c32CbE436b5AdE48311ec1F amount0 : 0.00000000 , USD0 val: no amount1 : 1589.39060636 , USD1 val: no
token0 : 0x7D1cfFB5c0563f2666769EfC16157A72F31513d4 , token1 : 0x9E7890B2E2dE38D764A29b0DE1e2B9b37C90Ddb9
1946 3 0x77c0890cB55F373e0D6A1Aeb347EDFB0C39AAa6A amount0 : 0.00000000 , USD0 val: no amount1 : 0.00000000 , USD1 val: no
token0 : 0x467726f4a18d304457BA2436539aE259087aB8B4 , token1 : 0x9E7890B2E2dE38D764A29b0DE1e2B9b37C90Ddb9
340680475658446256339 0 0xAC73891254bD3F06128BDEba2B1fcD22D084e82B amount0 : 340.68047566 , USD0 val: no amount1 : 0.00000000 , USD1 val: no
token0 : 0x9E7890B2E2dE38D764A29b0DE1e2B9b37C90Ddb9 , token1 : 0xd1b06eC000D0be55c98886c0A078fa0Ec740A439
0 580618015103070806774 0xF933eDfbb8CB897D82952378dE7aeEcE52342892 amount0 : 0.00000000 , USD0 val: no amount1 : 580.61801510 , USD1 val: no
token0 : 0x1272a9F1dD432B8eBf0509e7Cc2Fe32DC948217E , token1 : 0x9E7890B2E2dE38D764A29b0DE1e2B9b37C90Ddb9
23 304 0x3932a0133eA9F6701294D2bB4cA101B577E7782f amount0 : 0.00000000 , USD0 val: no amount1 : 0.00000000 , USD1 val: no
token0 : 0x4aBBc3275f8419685657C2DD69b8ca2e26F23F8E , token1 : 0x8349088C575cA45f5A63947FEAeaEcC41136fA01
2538592051615017130235 10941985938 0x6521254d29E8b7ee0C919262a4662cC5D1737000 amount0 : 2538.59205162 , USD0 val: no amount1 : 0.00000001 , USD1 val: no
token0 : 0x9E7890B2E2dE38D764A29b0DE1e2B9b37C90Ddb9 , token1 : 0xEf2b6b34B6099A056c4D88C56a2d4329f11103b7
0 303495371389444210 0x2440841bf057f7FE1A74768409b37c03B13b4ff6 amount0 : 0.00000000 , USD0 val: no amount1 : 0.30349537 , USD1 val: no
token0 : 0x3D2B72971E8778E426d348dC149dAE9A63D10b49 , token1 : 0x9E7890B2E2dE38D764A29b0DE1e2B9b37C90Ddb9
4 0 0xc0c76a7A27bF83f529C4997c97dC575fC91D8942 amount0 : 0.00000000 , USD0 val: no amount1 : 0.00000000 , USD1 val: no
token0 : 0x9E7890B2E2dE38D764A29b0DE1e2B9b37C90Ddb9 , token1 : 0xBB5AA88De6542DFE3E94dF9103c9a2C146Da4a94
86512716741942003 3106021930202051632073 0x58645dC60cDB56f666472CE32b7cBC773F13Ac15 amount0 : 0.08651272 , USD0 val: no amount1 : 3106.02193020 , USD1 val: no
token0 : 0x4aBBc3275f8419685657C2DD69b8ca2e26F23F8E , token1 : 0x9E7890B2E2dE38D764A29b0DE1e2B9b37C90Ddb9
1624 0 0x4F645707fF9267A3D667A03F9145AfAb8503b50b amount0 : 0.00000000 , USD0 val: no amount1 : 0.00000000 , USD1 val: no
token0 : 0x9E7890B2E2dE38D764A29b0DE1e2B9b37C90Ddb9 , token1 : 0xD9702F5E3b0eb7452967CB82529776D672bdC03F
6428949915291208 9703353451556 0x828D460536b2210C1F2230b93cFfF40E68a488C8 amount0 : 0.00642895 , USD0 val: no amount1 : 0.00000970 , USD1 val: no
token0 : 0x8C6c6b72c130ea835fA526E4217B915238152e04 , token1 : 0x9E7890B2E2dE38D764A29b0DE1e2B9b37C90Ddb9
10 0 0x6097a4e308E77E179dAaf9db7b1d84C9984b2957 amount0 : 0.00000000 , USD0 val: no amount1 : 0.00000000 , USD1 val: 0
token0 : 0x053Ed75F5049E494eFa51a6a3e86862B48BD31b6 , token1 : 0xB31f66AA3C1e785363F0875A1B74E27b85FD66c7
60750590883299898453 0 0xe58C6DF77f0BA6Aad7e654d106f282afd492F500 amount0 : 60.75059088 , USD0 val: no amount1 : 0.00000000 , USD1 val: no
token0 : 0xA94db15ad957911617bbF511580bdE1cACAa180a , token1 : 0xde3A24028580884448a5397872046a019649b084
0 1532619465260806967374 0x13aB6176a7A37BbAC57901fa9432a1370375e1eb amount0 : 0.00000000 , USD0 val: 0 amount1 : 1532.61946526 , USD1 val: no
token0 : 0x61eCd63e42C27415696e10864d70ecEA4aA11289 , token1 : 0x9E7890B2E2dE38D764A29b0DE1e2B9b37C90Ddb9
0 563112851467376722973 0xd64f7b1A948Bf14B798fe74905c4503274Eb30A0 amount0 : 0.00000000 , USD0 val: no amount1 : 563.11285147 , USD1 val: no
token0 : 0x36CeCDd290380A4b27af5A8715992F1a7751147E , token1 : 0x9E7890B2E2dE38D764A29b0DE1e2B9b37C90Ddb9
33962127129199150788 51728524343845621 0xa672411e38eeabfE21698CD4156e69eA234048B6 amount0 : 33.96212713 , USD0 val: no amount1 : 0.05172852 , USD1 val: no
token0 : 0x514089b2A27F43A562b06C587fa90Dcb7B10e4b6 , token1 : 0x9E7890B2E2dE38D764A29b0DE1e2B9b37C90Ddb9
0 1671 0xbb4290F89557929a0Afd55916F272cF089B1C488 amount0 : 0.00000000 , USD0 val: 0 amount1 : 0.00000000 , USD1 val: no
token0 : 0xB31f66AA3C1e785363F0875A1B74E27b85FD66c7 , token1 : 0xd5DE5aaC5e3fc45E77d33078EF036B417C681dCe
48067401297265280986 0 0x83C6A8beD08D873B364FDA3cA0f64b318293c64E amount0 : 48.06740130 , USD0 val: no amount1 : 0.00000000 , USD1 val: no
token0 : 0x9E7890B2E2dE38D764A29b0DE1e2B9b37C90Ddb9 , token1 : 0xaa5a8E1ed36b544184bF93FBF2f77a16E8C7BB0C
3561561812 0 0xC26A6F8dBDEB65cC4D90c270b3320ad8E82D0018 amount0 : 0.00000000 , USD0 val: no amount1 : 0.00000000 , USD1 val: no
token0 : 0xdCF147bC07E0499432Dd0e5ABA095dc30af96d54 , token1 : 0xde3A24028580884448a5397872046a019649b084
0 1865355095326302804 0xeB438aaFeBEe9190b41B53AfA2F292d09867f254 amount0 : 0.00000000 , USD0 val: no amount1 : 1.86535510 , USD1 val: no
token0 : 0x70E75b18DCBA700c5d3400137bDC292900666e47 , token1 : 0x9E7890B2E2dE38D764A29b0DE1e2B9b37C90Ddb9
28686253328106936969155 0 0xBf58b762b1Dc00beB8a66e1680b028deD0ad8868 amount0 : 28686.25332811 , USD0 val: no amount1 : 0.00000000 , USD1 val: 0
token0 : 0x467726f4a18d304457BA2436539aE259087aB8B4 , token1 : 0xB31f66AA3C1e785363F0875A1B74E27b85FD66c7
0 172 0x7605C3f6Ac2C989766d263f1cCD2F5b9FFCeAa87 amount0 : 0.00000000 , USD0 val: no amount1 : 0.00000000 , USD1 val: no
token0 : 0xDC42728B0eA910349ed3c6e1c9Dc06b5FB591f98 , token1 : 0xE9D00cBC5f02614d7281D742E6E815A47ce31107
9583861349565407823 0 0xecd34EdA4c44fA8A6A13f2C64f93723e12f082A0 amount0 : 9.58386135 , USD0 val: 0 amount1 : 0.00000000 , USD1 val: 0
token0 : 0x440aBbf18c54b2782A4917b80a1746d3A2c2Cce1 , token1 : 0x60781C2586D68229fde47564546784ab3fACA982
116889893977482070484 0 0xDdB538509a32F30E6b93d260a256C4b193924385 amount0 : 116.88989398 , USD0 val: no amount1 : 0.00000000 , USD1 val: 0
token0 : 0x514089b2A27F43A562b06C587fa90Dcb7B10e4b6 , token1 : 0xB31f66AA3C1e785363F0875A1B74E27b85FD66c7
1030239 0 0x4369E47F0422185114231Eba3Beab200efb2f1C0 amount0 : 0.00000000 , USD0 val: 0 amount1 : 0.00000000 , USD1 val: no
token0 : 0x2841A8a2ce98A9d21aD8C3B7Fc481527569bd7bb , token1 : 0xde3A24028580884448a5397872046a019649b084
0 16871 0xf3e7690324ab01Cbea89Bd1a4b31Ee0d3F2e90Bd amount0 : 0.00000000 , USD0 val: 0 amount1 : 0.00000000 , USD1 val: no
token0 : 0xB31f66AA3C1e785363F0875A1B74E27b85FD66c7 , token1 : 0xEc338D36FB24125AF422d42aB344Fbe213392afF
545134050252757664378 0 0x82Ab53e405fa94448597aFCC0BA86143b1AB2628 amount0 : 545.13405025 , USD0 val: 0.19 amount1 : 0.00000000 , USD1 val: 0
token0 : 0x440aBbf18c54b2782A4917b80a1746d3A2c2Cce1 , token1 : 0xB31f66AA3C1e785363F0875A1B74E27b85FD66c7
6974 0 0x6bfb4bdBFD85c93A9202533A06Ec4E7821562E0d amount0 : 0.00000000 , USD0 val: no amount1 : 0.00000000 , USD1 val: 0
token0 : 0x9E7890B2E2dE38D764A29b0DE1e2B9b37C90Ddb9 , token1 : 0xd1c3f94DE7e5B45fa4eDBBA472491a9f4B166FC4
0 108988 0xC4640af5dBB75D84c2a699A553b29195Ff1b8eeE amount0 : 0.00000000 , USD0 val: 0 amount1 : 0.00000000 , USD1 val: no
token0 : 0x60781C2586D68229fde47564546784ab3fACA982 , token1 : 0xE9D00cBC5f02614d7281D742E6E815A47ce31107
0 17544261 0xb5Fae4078AC64772B5a6114f8F351e738087770e amount0 : 0.00000000 , USD0 val: no amount1 : 0.00000000 , USD1 val: no
token0 : 0x1F1FE1eF06ab30a791d6357FdF0a7361B39b1537 , token1 : 0x9E7890B2E2dE38D764A29b0DE1e2B9b37C90Ddb9
0 579243949842062060977 0x9cFDa80B81B25c641C190d3a492D540128A9F7ba amount0 : 0.00000000 , USD0 val: 0 amount1 : 579.24394984 , USD1 val: no
token0 : 0x60781C2586D68229fde47564546784ab3fACA982 , token1 : 0x9E7890B2E2dE38D764A29b0DE1e2B9b37C90Ddb9
2811460735867607871646 0 0x9de728D3e80e968b947a424480b33a22e52Bc3bD amount0 : 2811.46073587 , USD0 val: no amount1 : 0.00000000 , USD1 val: no
token0 : 0x9E7890B2E2dE38D764A29b0DE1e2B9b37C90Ddb9 , token1 : 0xde3A24028580884448a5397872046a019649b084
81098379164898057109 0 0x04a47b49A709D3a6B35D63DAc2a452e3B940cBAa amount0 : 81.09837916 , USD0 val: no amount1 : 0.00000000 , USD1 val: 0
token0 : 0x9E7890B2E2dE38D764A29b0DE1e2B9b37C90Ddb9 , token1 : 0xB31f66AA3C1e785363F0875A1B74E27b85FD66c7
!!!
20 168 0x850f3FF392c3bd454E3b98c77847B08F0DFC9331 amount0 : 0.00000000 , USD0 val: no amount1 : 0.00000000 , USD1 val: 0
token0 : 0x1F1FE1eF06ab30a791d6357FdF0a7361B39b1537 , token1 : 0x6e7f5C0b9f4432716bDd0a77a3601291b9D9e985
27 0 0x022306f638b846c144A7b7B37Bf6C0A9848C437d amount0 : 0.00000000 , USD0 val: 0 amount1 : 0.00000000 , USD1 val: 0
token0 : 0x6e7f5C0b9f4432716bDd0a77a3601291b9D9e985 , token1 : 0xa1144a6A1304bd9cbb16c800F7a867508726566E
49 0 0xa6537cb6AC43A292f467975AD9A52b9a59408843 amount0 : 0.00000000 , USD0 val: 0 amount1 : 0.00000000 , USD1 val: 0
token0 : 0x6e7f5C0b9f4432716bDd0a77a3601291b9D9e985 , token1 : 0xD606199557c8Ab6F4Cc70bD03FaCc96ca576f142
125134756 0 0x503942735e5c028e908f89AEdB517eeC21e227AA amount0 : 0.00000000 , USD0 val: no amount1 : 0.00000000 , USD1 val: no
token0 : 0x1F1FE1eF06ab30a791d6357FdF0a7361B39b1537 , token1 : 0xA0a924Dcb97A597351A5c3787234B706845E7510
292683 0 0x440Ef410188Af6D70f4439a3ec49677ff6D705F6 amount0 : 0.00000000 , USD0 val: no amount1 : 0.00000000 , USD1 val: no
token0 : 0x8d4A8522f2FB040d4755757C05d99976C0D29fCE , token1 : 0xB3fe5374F67D7a22886A0eE082b2E2f9d2651651
0 151619 0x4B5ca2E739a19055fb8A59d6865312cfFaD2A7Fc amount0 : 0.00000000 , USD0 val: 0 amount1 : 0.00000000 , USD1 val: no
token0 : 0x617724974218A18769020A70162165A539c07E8a , token1 : 0x8d4A8522f2FB040d4755757C05d99976C0D29fCE
0 154657802 0x9d740d85D9B2DA140cb598b1e5fD41bb62F8458D amount0 : 0.00000000 , USD0 val: no amount1 : 0.00000000 , USD1 val: no
token0 : 0x1F1FE1eF06ab30a791d6357FdF0a7361B39b1537 , token1 : 0x8d4A8522f2FB040d4755757C05d99976C0D29fCE
0 19439819967149545284 0xAfAd3c7Cd03fB74f6DCE1ebE590D97b6bA1eeF34 amount0 : 0.00000000 , USD0 val: 0 amount1 : 19.43981997 , USD1 val: no
token0 : 0x60781C2586D68229fde47564546784ab3fACA982 , token1 : 0x8d4A8522f2FB040d4755757C05d99976C0D29fCE
9008068903 0 0x3ADB56C83fF11833DF71FC37CA598480d27B3F2E amount0 : 0.00000001 , USD0 val: no amount1 : 0.00000000 , USD1 val: no
token0 : 0x1F1FE1eF06ab30a791d6357FdF0a7361B39b1537 , token1 : 0x70E75b18DCBA700c5d3400137bDC292900666e47
0 3 0x76e6f140C7fB8C5b51506aeF97da329664da0e05 amount0 : 0.00000000 , USD0 val: 0 amount1 : 0.00000000 , USD1 val: no
token0 : 0xB31f66AA3C1e785363F0875A1B74E27b85FD66c7 , token1 : 0xF598BCe4495593eE22aE89233Cf9f79A37fb02f1
117097089 0 0xf546E87951169e96FF8c3f839B4895d96187169C amount0 : 0.00000000 , USD0 val: no amount1 : 0.00000000 , USD1 val: no
token0 : 0x1F1FE1eF06ab30a791d6357FdF0a7361B39b1537 , token1 : 0x408D4cD0ADb7ceBd1F1A1C33A0Ba2098E1295bAB
0 191384084343 0x0d7491F9cd9A0F0B1D0Ca663675382D66bed3A91 amount0 : 0.00000000 , USD0 val: no amount1 : 0.00000019 , USD1 val: 0
token0 : 0x408D4cD0ADb7ceBd1F1A1C33A0Ba2098E1295bAB , token1 : 0x6e7f5C0b9f4432716bDd0a77a3601291b9D9e985
0 51934577240001541 0xad24a72ffE0466399e6F69b9332022a71408f10b amount0 : 0.00000000 , USD0 val: 0 amount1 : 0.05193458 , USD1 val: 0
token0 : 0x60781C2586D68229fde47564546784ab3fACA982 , token1 : 0x6e7f5C0b9f4432716bDd0a77a3601291b9D9e985
159462894796762423 0 0x5122524aF267567897CF56Ab4389ce20a08194fA amount0 : 0.15946289 , USD0 val: 0 amount1 : 0.00000000 , USD1 val: 0
token0 : 0x6e7f5C0b9f4432716bDd0a77a3601291b9D9e985 , token1 : 0xC38f41A296A4493Ff429F1238e030924A1542e50
4887 0 0x0cAdA83162609Cb63D33eCa1bd6F7f029448bbd7 amount0 : 0.00000000 , USD0 val: 0 amount1 : 0.00000000 , USD1 val: no
token0 : 0x6e7f5C0b9f4432716bDd0a77a3601291b9D9e985 , token1 : 0xf20d962a6c8f70c731bd838a3a388D7d48fA6e15
