Scanning token pairs of pancakeswap
-138078819788991665 72482852479595191567 0x1B96B92314C44b159149f7E0303511fB2Fc4774f amount0 : -0.13807882 , USD0 val: -72.83 amount1 : 72.48285248 , USD1 val: 73.21
Error pair 0x086816f6E830300cb209A709373f203877A9EC35
-5602780958 0 0xCcdFB889b1B23E0E0Ca1ec0efE025A57346E5a7a amount0 : -0.00000001 , USD0 val: no amount1 : 0.00000000 , USD1 val: 0
0 3464019679001967 0x4393F4390b84B32776CE312DF401305Dc25E64a4 amount0 : 0.00000000 , USD0 val: no amount1 : 0.00346402 , USD1 val: 0.25
-1493418994228279022 785785471128951643973 0x1B96B92314C44b159149f7E0303511fB2Fc4774f amount0 : -1.49341899 , USD0 val: -786.39 amount1 : 785.78547113 , USD1 val: 785.79
Error pair 0x086816f6E830300cb209A709373f203877A9EC35
-5602780958 0 0xCcdFB889b1B23E0E0Ca1ec0efE025A57346E5a7a amount0 : -0.00000001 , USD0 val: no amount1 : 0.00000000 , USD1 val: 0
0 3464402240768969 0x4393F4390b84B32776CE312DF401305Dc25E64a4 amount0 : 0.00000000 , USD0 val: no amount1 : 0.00346440 , USD1 val: 0.25
Error pair 0x086816f6E830300cb209A709373f203877A9EC35
-5602780958 0 0xCcdFB889b1B23E0E0Ca1ec0efE025A57346E5a7a amount0 : -0.00000001 , USD0 val: no amount1 : 0.00000000 , USD1 val: 0
0 3464782773030576 0x4393F4390b84B32776CE312DF401305Dc25E64a4 amount0 : 0.00000000 , USD0 val: no amount1 : 0.00346478 , USD1 val: 0.25
290000000000000000 -152287630055471906380 0x1B96B92314C44b159149f7E0303511fB2Fc4774f amount0 : 0.29000000 , USD0 val: 152.84 amount1 : -152.28763006 , USD1 val: -152.29
Error pair 0x086816f6E830300cb209A709373f203877A9EC35
-5602780958 0 0xCcdFB889b1B23E0E0Ca1ec0efE025A57346E5a7a amount0 : -0.00000001 , USD0 val: no amount1 : 0.00000000 , USD1 val: 0
0 3465165334797579 0x4393F4390b84B32776CE312DF401305Dc25E64a4 amount0 : 0.00000000 , USD0 val: no amount1 : 0.00346517 , USD1 val: 0.25
30532978503427933447 -58034397746962881 0x20bCC3b8a0091dDac2d0BC30F68E6CBb97de59Cd amount0 : 30.53297850 , USD0 val: 30.53 amount1 : -0.05803440 , USD1 val: -30.5
Error pair 0x086816f6E830300cb209A709373f203877A9EC35
-5602780958 0 0xCcdFB889b1B23E0E0Ca1ec0efE025A57346E5a7a amount0 : -0.00000001 , USD0 val: no amount1 : 0.00000000 , USD1 val: 0
0 3465541808048395 0x4393F4390b84B32776CE312DF401305Dc25E64a4 amount0 : 0.00000000 , USD0 val: no amount1 : 0.00346554 , USD1 val: 0.25
Error pair 0x086816f6E830300cb209A709373f203877A9EC35
-5602780958 0 0xCcdFB889b1B23E0E0Ca1ec0efE025A57346E5a7a amount0 : -0.00000001 , USD0 val: no amount1 : 0.00000000 , USD1 val: 0
0 3465922340310003 0x4393F4390b84B32776CE312DF401305Dc25E64a4 amount0 : 0.00000000 , USD0 val: no amount1 : 0.00346592 , USD1 val: 0.25
Error pair 0x086816f6E830300cb209A709373f203877A9EC35
Error pair 0xBdBEbc9d3256E031F99685c1b1c781321AeFFb8E
-5602780958 0 0xCcdFB889b1B23E0E0Ca1ec0efE025A57346E5a7a amount0 : -0.00000001 , USD0 val: no amount1 : 0.00000000 , USD1 val: 0
0 3466300843066214 0x4393F4390b84B32776CE312DF401305Dc25E64a4 amount0 : 0.00000000 , USD0 val: no amount1 : 0.00346630 , USD1 val: 0.25
Error pair 0x086816f6E830300cb209A709373f203877A9EC35
-5602780958 0 0xCcdFB889b1B23E0E0Ca1ec0efE025A57346E5a7a amount0 : -0.00000001 , USD0 val: no amount1 : 0.00000000 , USD1 val: 0
0 3466668183542753 0x4393F4390b84B32776CE312DF401305Dc25E64a4 amount0 : 0.00000000 , USD0 val: no amount1 : 0.00346667 , USD1 val: 0.25
Error pair 0x086816f6E830300cb209A709373f203877A9EC35
-5602780958 0 0xCcdFB889b1B23E0E0Ca1ec0efE025A57346E5a7a amount0 : -0.00000001 , USD0 val: no amount1 : 0.00000000 , USD1 val: 0
0 3467049730557057 0x4393F4390b84B32776CE312DF401305Dc25E64a4 amount0 : 0.00000000 , USD0 val: no amount1 : 0.00346705 , USD1 val: 0.25
Error pair 0x086816f6E830300cb209A709373f203877A9EC35
-5602780958 0 0xCcdFB889b1B23E0E0Ca1ec0efE025A57346E5a7a amount0 : -0.00000001 , USD0 val: no amount1 : 0.00000000 , USD1 val: 0
0 3467419100538991 0x4393F4390b84B32776CE312DF401305Dc25E64a4 amount0 : 0.00000000 , USD0 val: no amount1 : 0.00346742 , USD1 val: 0.25
Error pair 0x086816f6E830300cb209A709373f203877A9EC35
-5602780958 0 0xCcdFB889b1B23E0E0Ca1ec0efE025A57346E5a7a amount0 : -0.00000001 , USD0 val: no amount1 : 0.00000000 , USD1 val: 0
0 3467792529531715 0x4393F4390b84B32776CE312DF401305Dc25E64a4 amount0 : 0.00000000 , USD0 val: no amount1 : 0.00346779 , USD1 val: 0.25
53110987232005932 -27634835642155034846 0x1B96B92314C44b159149f7E0303511fB2Fc4774f amount0 : 0.05311099 , USD0 val: 27.73 amount1 : -27.63483564 , USD1 val: -27.63
Error pair 0x086816f6E830300cb209A709373f203877A9EC35
-5602780958 0 0xCcdFB889b1B23E0E0Ca1ec0efE025A57346E5a7a amount0 : -0.00000001 , USD0 val: no amount1 : 0.00000000 , USD1 val: 0
0 3468167988029834 0x4393F4390b84B32776CE312DF401305Dc25E64a4 amount0 : 0.00000000 , USD0 val: no amount1 : 0.00346817 , USD1 val: 0.25
Error pair 0x9e3E58983E0FB87a159A0D50820130323143c834
Error pair 0x086816f6E830300cb209A709373f203877A9EC35
-5602780958 0 0xCcdFB889b1B23E0E0Ca1ec0efE025A57346E5a7a amount0 : -0.00000001 , USD0 val: no amount1 : 0.00000000 , USD1 val: 0
0 3468548520291441 0x4393F4390b84B32776CE312DF401305Dc25E64a4 amount0 : 0.00000000 , USD0 val: no amount1 : 0.00346855 , USD1 val: 0.25
Error pair 0x086816f6E830300cb209A709373f203877A9EC35
21354064930974622 -643671899640478691 0x4269e7F43A63CEA1aD7707Be565a94a9189967E9 amount0 : 0.02135406 , USD0 val: 11.12 amount1 : -0.64367190 , USD1 val: -11.08
-5602780958 0 0xCcdFB889b1B23E0E0Ca1ec0efE025A57346E5a7a amount0 : -0.00000001 , USD0 val: no amount1 : 0.00000000 , USD1 val: 0
0 3468935141069234 0x4393F4390b84B32776CE312DF401305Dc25E64a4 amount0 : 0.00000000 , USD0 val: no amount1 : 0.00346894 , USD1 val: 0.25
Error pair 0x086816f6E830300cb209A709373f203877A9EC35
Error pair 0x079751880E6626678b4a6E9c38f7eA924854Cd73
-5602780958 0 0xCcdFB889b1B23E0E0Ca1ec0efE025A57346E5a7a amount0 : -0.00000001 , USD0 val: no amount1 : 0.00000000 , USD1 val: 0
0 3469335968384793 0x4393F4390b84B32776CE312DF401305Dc25E64a4 amount0 : 0.00000000 , USD0 val: no amount1 : 0.00346934 , USD1 val: 0.25
Error pair 0x086816f6E830300cb209A709373f203877A9EC35
-5602780958 0 0xCcdFB889b1B23E0E0Ca1ec0efE025A57346E5a7a amount0 : -0.00000001 , USD0 val: no amount1 : 0.00000000 , USD1 val: 0
0 3469721574409889 0x4393F4390b84B32776CE312DF401305Dc25E64a4 amount0 : 0.00000000 , USD0 val: no amount1 : 0.00346972 , USD1 val: 0.25
63503444903856192000 -165222308602884007 0xBA51D1AB95756ca4eaB8737eCD450cd8F05384cF amount0 : 63.50344490 , USD0 val: 87 amount1 : -0.16522231 , USD1 val: -86.56
Error pair 0x086816f6E830300cb209A709373f203877A9EC35
-5602780958 0 0xCcdFB889b1B23E0E0Ca1ec0efE025A57346E5a7a amount0 : -0.00000001 , USD0 val: no amount1 : 0.00000000 , USD1 val: 0
Error pair 0x8797F93Aae7375eD17B93714C136629a36777743
0 3470120372220053 0x4393F4390b84B32776CE312DF401305Dc25E64a4 amount0 : 0.00000000 , USD0 val: no amount1 : 0.00347012 , USD1 val: 0.25
Error pair 0x086816f6E830300cb209A709373f203877A9EC35
-5602780958 0 0xCcdFB889b1B23E0E0Ca1ec0efE025A57346E5a7a amount0 : -0.00000001 , USD0 val: no amount1 : 0.00000000 , USD1 val: 0
0 3470504963492451 0x4393F4390b84B32776CE312DF401305Dc25E64a4 amount0 : 0.00000000 , USD0 val: no amount1 : 0.00347050 , USD1 val: 0.25
Error pair 0x086816f6E830300cb209A709373f203877A9EC35
-424071002997986733590 240234086603885344 0x8FBD89B44403b6Da70737A02bfdE39685BFE47bB amount0 : -424.07100300 , USD0 val: -124.93 amount1 : 0.24023409 , USD1 val: 125.77
-5602780958 0 0xCcdFB889b1B23E0E0Ca1ec0efE025A57346E5a7a amount0 : -0.00000001 , USD0 val: no amount1 : 0.00000000 , USD1 val: 0
0 3470899702291825 0x4393F4390b84B32776CE312DF401305Dc25E64a4 amount0 : 0.00000000 , USD0 val: no amount1 : 0.00347090 , USD1 val: 0.25
Error pair 0x086816f6E830300cb209A709373f203877A9EC35
-5602780958 0 0xCcdFB889b1B23E0E0Ca1ec0efE025A57346E5a7a amount0 : -0.00000001 , USD0 val: no amount1 : 0.00000000 , USD1 val: 0
0 3471291396833106 0x4393F4390b84B32776CE312DF401305Dc25E64a4 amount0 : 0.00000000 , USD0 val: no amount1 : 0.00347129 , USD1 val: 0.25
-98980222130953969079 99125000000000000000 0xc15fa3E22c912A276550F3E5FE3b0Deb87B55aCd amount0 : -98.98022213 , USD0 val: -98.98 amount1 : 99.12500000 , USD1 val: 99.13
Error pair 0x086816f6E830300cb209A709373f203877A9EC35
-5602780958 0 0xCcdFB889b1B23E0E0Ca1ec0efE025A57346E5a7a amount0 : -0.00000001 , USD0 val: no amount1 : 0.00000000 , USD1 val: 0
0 3471684106127084 0x4393F4390b84B32776CE312DF401305Dc25E64a4 amount0 : 0.00000000 , USD0 val: no amount1 : 0.00347168 , USD1 val: 0.25
Error pair 0x086816f6E830300cb209A709373f203877A9EC35
-5602780958 0 0xCcdFB889b1B23E0E0Ca1ec0efE025A57346E5a7a amount0 : -0.00000001 , USD0 val: no amount1 : 0.00000000 , USD1 val: 0
0 3472068697399482 0x4393F4390b84B32776CE312DF401305Dc25E64a4 amount0 : 0.00000000 , USD0 val: no amount1 : 0.00347207 , USD1 val: 0.25
Error pair 0x086816f6E830300cb209A709373f203877A9EC35
-5602780958 0 0xCcdFB889b1B23E0E0Ca1ec0efE025A57346E5a7a amount0 : -0.00000001 , USD0 val: no amount1 : 0.00000000 , USD1 val: 0
0 3472453288671880 0x4393F4390b84B32776CE312DF401305Dc25E64a4 amount0 : 0.00000000 , USD0 val: no amount1 : 0.00347245 , USD1 val: 0.25
Error pair 0x086816f6E830300cb209A709373f203877A9EC35
-5602780958 0 0xCcdFB889b1B23E0E0Ca1ec0efE025A57346E5a7a amount0 : -0.00000001 , USD0 val: no amount1 : 0.00000000 , USD1 val: 0
0 3472837879944277 0x4393F4390b84B32776CE312DF401305Dc25E64a4 amount0 : 0.00000000 , USD0 val: no amount1 : 0.00347284 , USD1 val: 0.25
Error pair 0x086816f6E830300cb209A709373f203877A9EC35
-5602780958 0 0xCcdFB889b1B23E0E0Ca1ec0efE025A57346E5a7a amount0 : -0.00000001 , USD0 val: no amount1 : 0.00000000 , USD1 val: 0
0 3473227544980163 0x4393F4390b84B32776CE312DF401305Dc25E64a4 amount0 : 0.00000000 , USD0 val: no amount1 : 0.00347323 , USD1 val: 0.25
Error pair 0x086816f6E830300cb209A709373f203877A9EC35
-5602780958 0 0xCcdFB889b1B23E0E0Ca1ec0efE025A57346E5a7a amount0 : -0.00000001 , USD0 val: no amount1 : 0.00000000 , USD1 val: 0
0 3473617210016049 0x4393F4390b84B32776CE312DF401305Dc25E64a4 amount0 : 0.00000000 , USD0 val: no amount1 : 0.00347362 , USD1 val: 0.25
99697164668071886 -51985534841099731944 0x1B96B92314C44b159149f7E0303511fB2Fc4774f amount0 : 0.09969716 , USD0 val: 51.96 amount1 : -51.98553484 , USD1 val: -51.91
Error pair 0x086816f6E830300cb209A709373f203877A9EC35
-5602780958 0 0xCcdFB889b1B23E0E0Ca1ec0efE025A57346E5a7a amount0 : -0.00000001 , USD0 val: no amount1 : 0.00000000 , USD1 val: 0
0 3474002816041144 0x4393F4390b84B32776CE312DF401305Dc25E64a4 amount0 : 0.00000000 , USD0 val: no amount1 : 0.00347400 , USD1 val: 0.25
Error pair 0x086816f6E830300cb209A709373f203877A9EC35
-5602780958 0 0xCcdFB889b1B23E0E0Ca1ec0efE025A57346E5a7a amount0 : -0.00000001 , USD0 val: no amount1 : 0.00000000 , USD1 val: 0
0 3474390451571635 0x4393F4390b84B32776CE312DF401305Dc25E64a4 amount0 : 0.00000000 , USD0 val: no amount1 : 0.00347439 , USD1 val: 0.25
Error pair 0x086816f6E830300cb209A709373f203877A9EC35
-5602780958 0 0xCcdFB889b1B23E0E0Ca1ec0efE025A57346E5a7a amount0 : -0.00000001 , USD0 val: no amount1 : 0.00000000 , USD1 val: 0
0 3474775042844032 0x4393F4390b84B32776CE312DF401305Dc25E64a4 amount0 : 0.00000000 , USD0 val: no amount1 : 0.00347478 , USD1 val: 0.25
Error pair 0x086816f6E830300cb209A709373f203877A9EC35
-5602780958 0 0xCcdFB889b1B23E0E0Ca1ec0efE025A57346E5a7a amount0 : -0.00000001 , USD0 val: no amount1 : 0.00000000 , USD1 val: 0
0 3475164707879918 0x4393F4390b84B32776CE312DF401305Dc25E64a4 amount0 : 0.00000000 , USD0 val: no amount1 : 0.00347516 , USD1 val: 0.25
Error pair 0x086816f6E830300cb209A709373f203877A9EC35
-5602780958 0 0xCcdFB889b1B23E0E0Ca1ec0efE025A57346E5a7a amount0 : -0.00000001 , USD0 val: no amount1 : 0.00000000 , USD1 val: 0
0 3475547269646920 0x4393F4390b84B32776CE312DF401305Dc25E64a4 amount0 : 0.00000000 , USD0 val: no amount1 : 0.00347555 , USD1 val: 0.25
-124349139100619278 64493262425013494811 0x1B96B92314C44b159149f7E0303511fB2Fc4774f amount0 : -0.12434914 , USD0 val: -64.54 amount1 : 64.49326243 , USD1 val: 64.49
Error pair 0x086816f6E830300cb209A709373f203877A9EC35
-5602780958 0 0xCcdFB889b1B23E0E0Ca1ec0efE025A57346E5a7a amount0 : -0.00000001 , USD0 val: no amount1 : 0.00000000 , USD1 val: 0
0 3475926787155830 0x4393F4390b84B32776CE312DF401305Dc25E64a4 amount0 : 0.00000000 , USD0 val: no amount1 : 0.00347593 , USD1 val: 0.25
2717537535378883 -19557437019009108 0x70D8929d04b60Af4fb9B58713eBcf18765aDE422 amount0 : 0.00271754 , USD0 val: 10.15 amount1 : -0.01955744 , USD1 val: -10.16
Error pair 0x086816f6E830300cb209A709373f203877A9EC35
-5602780958 0 0xCcdFB889b1B23E0E0Ca1ec0efE025A57346E5a7a amount0 : -0.00000001 , USD0 val: no amount1 : 0.00000000 , USD1 val: 0
0 3476303260406647 0x4393F4390b84B32776CE312DF401305Dc25E64a4 amount0 : 0.00000000 , USD0 val: no amount1 : 0.00347630 , USD1 val: 0.25
Error pair 0x086816f6E830300cb209A709373f203877A9EC35
18759964085065209157 -67248101092227975 0x752E713fB70E3FA1Ac08bCF34485F14A986956c4 amount0 : 18.75996409 , USD0 val: 36.21 amount1 : -0.06724810 , USD1 val: -34.86
-5602780958 0 0xCcdFB889b1B23E0E0Ca1ec0efE025A57346E5a7a amount0 : -0.00000001 , USD0 val: no amount1 : 0.00000000 , USD1 val: 0
0 3476684807420951 0x4393F4390b84B32776CE312DF401305Dc25E64a4 amount0 : 0.00000000 , USD0 val: no amount1 : 0.00347668 , USD1 val: 0.25
Error pair 0x086816f6E830300cb209A709373f203877A9EC35
-5602780958 0 0xCcdFB889b1B23E0E0Ca1ec0efE025A57346E5a7a amount0 : -0.00000001 , USD0 val: no amount1 : 0.00000000 , USD1 val: 0
0 3477068383940652 0x4393F4390b84B32776CE312DF401305Dc25E64a4 amount0 : 0.00000000 , USD0 val: no amount1 : 0.00347707 , USD1 val: 0.25
Error pair 0x086816f6E830300cb209A709373f203877A9EC35
-5602780958 0 0xCcdFB889b1B23E0E0Ca1ec0efE025A57346E5a7a amount0 : -0.00000001 , USD0 val: no amount1 : 0.00000000 , USD1 val: 0
0 3477448916202259 0x4393F4390b84B32776CE312DF401305Dc25E64a4 amount0 : 0.00000000 , USD0 val: no amount1 : 0.00347745 , USD1 val: 0.25
Error pair 0x086816f6E830300cb209A709373f203877A9EC35
-5602780958 0 0xCcdFB889b1B23E0E0Ca1ec0efE025A57346E5a7a amount0 : -0.00000001 , USD0 val: no amount1 : 0.00000000 , USD1 val: 0
0 3477829448463866 0x4393F4390b84B32776CE312DF401305Dc25E64a4 amount0 : 0.00000000 , USD0 val: no amount1 : 0.00347783 , USD1 val: 0.25
Error pair 0x086816f6E830300cb209A709373f203877A9EC35
-5602780958 0 0xCcdFB889b1B23E0E0Ca1ec0efE025A57346E5a7a amount0 : -0.00000001 , USD0 val: no amount1 : 0.00000000 , USD1 val: 0
0 3478210995478171 0x4393F4390b84B32776CE312DF401305Dc25E64a4 amount0 : 0.00000000 , USD0 val: no amount1 : 0.00347821 , USD1 val: 0.25
Error pair 0x84cD882A0ABaf8aD69B85fEf0A8d5A36f5C0ECc1
Error pair 0x7b4EA74EE1085bE9361c893Aa4f888E169af0Ee5
Error pair 0x086816f6E830300cb209A709373f203877A9EC35
-5602780958 0 0xCcdFB889b1B23E0E0Ca1ec0efE025A57346E5a7a amount0 : -0.00000001 , USD0 val: no amount1 : 0.00000000 , USD1 val: 0
0 3478592542492476 0x4393F4390b84B32776CE312DF401305Dc25E64a4 amount0 : 0.00000000 , USD0 val: no amount1 : 0.00347859 , USD1 val: 0.25
-19825000000000000000 38121628447638296 0x20bCC3b8a0091dDac2d0BC30F68E6CBb97de59Cd amount0 : -19.82500000 , USD0 val: -19.82 amount1 : 0.03812163 , USD1 val: 19.85
Error pair 0x086816f6E830300cb209A709373f203877A9EC35
-5602780958 0 0xCcdFB889b1B23E0E0Ca1ec0efE025A57346E5a7a amount0 : -0.00000001 , USD0 val: no amount1 : 0.00000000 , USD1 val: 0
0 3478958868216316 0x4393F4390b84B32776CE312DF401305Dc25E64a4 amount0 : 0.00000000 , USD0 val: no amount1 : 0.00347896 , USD1 val: 0.25
Error pair 0x086816f6E830300cb209A709373f203877A9EC35
-5602780958 0 0xCcdFB889b1B23E0E0Ca1ec0efE025A57346E5a7a amount0 : -0.00000001 , USD0 val: no amount1 : 0.00000000 , USD1 val: 0
0 3479324179187459 0x4393F4390b84B32776CE312DF401305Dc25E64a4 amount0 : 0.00000000 , USD0 val: no amount1 : 0.00347932 , USD1 val: 0.25
Error pair 0x086816f6E830300cb209A709373f203877A9EC35
-5602780958 0 0xCcdFB889b1B23E0E0Ca1ec0efE025A57346E5a7a amount0 : -0.00000001 , USD0 val: no amount1 : 0.00000000 , USD1 val: 0
0 3479686445900509 0x4393F4390b84B32776CE312DF401305Dc25E64a4 amount0 : 0.00000000 , USD0 val: no amount1 : 0.00347969 , USD1 val: 0.25
Error pair 0x086816f6E830300cb209A709373f203877A9EC35
-5602780958 0 0xCcdFB889b1B23E0E0Ca1ec0efE025A57346E5a7a amount0 : -0.00000001 , USD0 val: no amount1 : 0.00000000 , USD1 val: 0
0 3480051756871652 0x4393F4390b84B32776CE312DF401305Dc25E64a4 amount0 : 0.00000000 , USD0 val: no amount1 : 0.00348005 , USD1 val: 0.25
Error pair 0x086816f6E830300cb209A709373f203877A9EC35
-5602780958 0 0xCcdFB889b1B23E0E0Ca1ec0efE025A57346E5a7a amount0 : -0.00000001 , USD0 val: no amount1 : 0.00000000 , USD1 val: 0
0 3480416053090097 0x4393F4390b84B32776CE312DF401305Dc25E64a4 amount0 : 0.00000000 , USD0 val: no amount1 : 0.00348042 , USD1 val: 0.25
Error pair 0x086816f6E830300cb209A709373f203877A9EC35
-5602780958 0 0xCcdFB889b1B23E0E0Ca1ec0efE025A57346E5a7a amount0 : -0.00000001 , USD0 val: no amount1 : 0.00000000 , USD1 val: 0
0 3480780349308542 0x4393F4390b84B32776CE312DF401305Dc25E64a4 amount0 : 0.00000000 , USD0 val: no amount1 : 0.00348078 , USD1 val: 0.25
Error pair 0x086816f6E830300cb209A709373f203877A9EC35
-5602780958 0 0xCcdFB889b1B23E0E0Ca1ec0efE025A57346E5a7a amount0 : -0.00000001 , USD0 val: no amount1 : 0.00000000 , USD1 val: 0
0 3481142616021592 0x4393F4390b84B32776CE312DF401305Dc25E64a4 amount0 : 0.00000000 , USD0 val: no amount1 : 0.00348114 , USD1 val: 0.25
Error pair 0x086816f6E830300cb209A709373f203877A9EC35
-5602780958 0 0xCcdFB889b1B23E0E0Ca1ec0efE025A57346E5a7a amount0 : -0.00000001 , USD0 val: no amount1 : 0.00000000 , USD1 val: 0
0 3481508941745433 0x4393F4390b84B32776CE312DF401305Dc25E64a4 amount0 : 0.00000000 , USD0 val: no amount1 : 0.00348151 , USD1 val: 0.25
Error pair 0x086816f6E830300cb209A709373f203877A9EC35
-5602780958 0 0xCcdFB889b1B23E0E0Ca1ec0efE025A57346E5a7a amount0 : -0.00000001 , USD0 val: no amount1 : 0.00000000 , USD1 val: 0
0 3481873237963878 0x4393F4390b84B32776CE312DF401305Dc25E64a4 amount0 : 0.00000000 , USD0 val: no amount1 : 0.00348187 , USD1 val: 0.25
Error pair 0x086816f6E830300cb209A709373f203877A9EC35
-5602780958 0 0xCcdFB889b1B23E0E0Ca1ec0efE025A57346E5a7a amount0 : -0.00000001 , USD0 val: no amount1 : 0.00000000 , USD1 val: 0
0 3482237534182324 0x4393F4390b84B32776CE312DF401305Dc25E64a4 amount0 : 0.00000000 , USD0 val: no amount1 : 0.00348224 , USD1 val: 0.25
Error pair 0x086816f6E830300cb209A709373f203877A9EC35
-5602780958 0 0xCcdFB889b1B23E0E0Ca1ec0efE025A57346E5a7a amount0 : -0.00000001 , USD0 val: no amount1 : 0.00000000 , USD1 val: 0
0 3482600815648071 0x4393F4390b84B32776CE312DF401305Dc25E64a4 amount0 : 0.00000000 , USD0 val: no amount1 : 0.00348260 , USD1 val: 0.25
Error pair 0x086816f6E830300cb209A709373f203877A9EC35
-5602780958 0 0xCcdFB889b1B23E0E0Ca1ec0efE025A57346E5a7a amount0 : -0.00000001 , USD0 val: no amount1 : 0.00000000 , USD1 val: 0
0 3482965111866517 0x4393F4390b84B32776CE312DF401305Dc25E64a4 amount0 : 0.00000000 , USD0 val: no amount1 : 0.00348297 , USD1 val: 0.25
Error pair 0x086816f6E830300cb209A709373f203877A9EC35
-5602780958 0 0xCcdFB889b1B23E0E0Ca1ec0efE025A57346E5a7a amount0 : -0.00000001 , USD0 val: no amount1 : 0.00000000 , USD1 val: 0
0 3483332452343055 0x4393F4390b84B32776CE312DF401305Dc25E64a4 amount0 : 0.00000000 , USD0 val: no amount1 : 0.00348333 , USD1 val: 0.25
Error pair 0x086816f6E830300cb209A709373f203877A9EC35
-5602780958 0 0xCcdFB889b1B23E0E0Ca1ec0efE025A57346E5a7a amount0 : -0.00000001 , USD0 val: no amount1 : 0.00000000 , USD1 val: 0
0 3483697763314198 0x4393F4390b84B32776CE312DF401305Dc25E64a4 amount0 : 0.00000000 , USD0 val: no amount1 : 0.00348370 , USD1 val: 0.25
Error pair 0x086816f6E830300cb209A709373f203877A9EC35
-5602780958 0 0xCcdFB889b1B23E0E0Ca1ec0efE025A57346E5a7a amount0 : -0.00000001 , USD0 val: no amount1 : 0.00000000 , USD1 val: 0
0 3484064089038038 0x4393F4390b84B32776CE312DF401305Dc25E64a4 amount0 : 0.00000000 , USD0 val: no amount1 : 0.00348406 , USD1 val: 0.25
Error pair 0x086816f6E830300cb209A709373f203877A9EC35
-5602780958 0 0xCcdFB889b1B23E0E0Ca1ec0efE025A57346E5a7a amount0 : -0.00000001 , USD0 val: no amount1 : 0.00000000 , USD1 val: 0
0 3484433459019971 0x4393F4390b84B32776CE312DF401305Dc25E64a4 amount0 : 0.00000000 , USD0 val: no amount1 : 0.00348443 , USD1 val: 0.25
Error pair 0x086816f6E830300cb209A709373f203877A9EC35
-5602780958 0 0xCcdFB889b1B23E0E0Ca1ec0efE025A57346E5a7a amount0 : -0.00000001 , USD0 val: no amount1 : 0.00000000 , USD1 val: 0
0 3484799784743812 0x4393F4390b84B32776CE312DF401305Dc25E64a4 amount0 : 0.00000000 , USD0 val: no amount1 : 0.00348480 , USD1 val: 0.25
Error pair 0x086816f6E830300cb209A709373f203877A9EC35
-5602780958 0 0xCcdFB889b1B23E0E0Ca1ec0efE025A57346E5a7a amount0 : -0.00000001 , USD0 val: no amount1 : 0.00000000 , USD1 val: 0
0 3485169154725745 0x4393F4390b84B32776CE312DF401305Dc25E64a4 amount0 : 0.00000000 , USD0 val: no amount1 : 0.00348517 , USD1 val: 0.25
Error pair 0x086816f6E830300cb209A709373f203877A9EC35
Error pair 0xdfa8aEf886d705C5aA59328B264f19936b6566dA
-5602780958 0 0xCcdFB889b1B23E0E0Ca1ec0efE025A57346E5a7a amount0 : -0.00000001 , USD0 val: no amount1 : 0.00000000 , USD1 val: 0
0 3485549686987353 0x4393F4390b84B32776CE312DF401305Dc25E64a4 amount0 : 0.00000000 , USD0 val: no amount1 : 0.00348555 , USD1 val: 0.25
Error pair 0x086816f6E830300cb209A709373f203877A9EC35
-5602780958 0 0xCcdFB889b1B23E0E0Ca1ec0efE025A57346E5a7a amount0 : -0.00000001 , USD0 val: no amount1 : 0.00000000 , USD1 val: 0
0 3485913983205798 0x4393F4390b84B32776CE312DF401305Dc25E64a4 amount0 : 0.00000000 , USD0 val: no amount1 : 0.00348591 , USD1 val: 0.25
Error pair 0x086816f6E830300cb209A709373f203877A9EC35
-5602780958 0 0xCcdFB889b1B23E0E0Ca1ec0efE025A57346E5a7a amount0 : -0.00000001 , USD0 val: no amount1 : 0.00000000 , USD1 val: 0
0 3486286397445824 0x4393F4390b84B32776CE312DF401305Dc25E64a4 amount0 : 0.00000000 , USD0 val: no amount1 : 0.00348629 , USD1 val: 0.25
-10660271668378163530 247812500000000000 0xA527a61703D82139F8a06Bc30097cC9CAA2df5A6 amount0 : -10.66027167 , USD0 val: -127.82 amount1 : 0.24781250 , USD1 val: 128.18
Error pair 0x086816f6E830300cb209A709373f203877A9EC35
-5602780958 0 0xCcdFB889b1B23E0E0Ca1ec0efE025A57346E5a7a amount0 : -0.00000001 , USD0 val: no amount1 : 0.00000000 , USD1 val: 0
0 3486657796933153 0x4393F4390b84B32776CE312DF401305Dc25E64a4 amount0 : 0.00000000 , USD0 val: no amount1 : 0.00348666 , USD1 val: 0.25
-64103771889494162 33126332293257069618 0x1B96B92314C44b159149f7E0303511fB2Fc4774f amount0 : -0.06410377 , USD0 val: -33.17 amount1 : 33.12633229 , USD1 val: 33.13
Error pair 0x086816f6E830300cb209A709373f203877A9EC35
19650104908928605356 -64311229032892925 0x7FB0017195470bc6978659396eC9D750A35C51fE amount0 : 19.65010491 , USD0 val: 57.18 amount1 : -0.06431123 , USD1 val: -33.27
-5602780958 0 0xCcdFB889b1B23E0E0Ca1ec0efE025A57346E5a7a amount0 : -0.00000001 , USD0 val: no amount1 : 0.00000000 , USD1 val: 0
0 3487028181667784 0x4393F4390b84B32776CE312DF401305Dc25E64a4 amount0 : 0.00000000 , USD0 val: no amount1 : 0.00348703 , USD1 val: 0.25
Error pair 0x086816f6E830300cb209A709373f203877A9EC35
-5602780958 0 0xCcdFB889b1B23E0E0Ca1ec0efE025A57346E5a7a amount0 : -0.00000001 , USD0 val: no amount1 : 0.00000000 , USD1 val: 0
0 3487400595907810 0x4393F4390b84B32776CE312DF401305Dc25E64a4 amount0 : 0.00000000 , USD0 val: no amount1 : 0.00348740 , USD1 val: 0.25
Error pair 0x8eA21D0119162808EBFce8Dce4362a8361e8B8F3
Error pair 0x086816f6E830300cb209A709373f203877A9EC35
-5602780958 0 0xCcdFB889b1B23E0E0Ca1ec0efE025A57346E5a7a amount0 : -0.00000001 , USD0 val: no amount1 : 0.00000000 , USD1 val: 0
0 3487781128169417 0x4393F4390b84B32776CE312DF401305Dc25E64a4 amount0 : 0.00000000 , USD0 val: no amount1 : 0.00348778 , USD1 val: 0.25
Error pair 0x086816f6E830300cb209A709373f203877A9EC35
-5602780958 0 0xCcdFB889b1B23E0E0Ca1ec0efE025A57346E5a7a amount0 : -0.00000001 , USD0 val: no amount1 : 0.00000000 , USD1 val: 0
0 3488162675183722 0x4393F4390b84B32776CE312DF401305Dc25E64a4 amount0 : 0.00000000 , USD0 val: no amount1 : 0.00348816 , USD1 val: 0.25
Error pair 0x086816f6E830300cb209A709373f203877A9EC35
-5602780958 0 0xCcdFB889b1B23E0E0Ca1ec0efE025A57346E5a7a amount0 : -0.00000001 , USD0 val: no amount1 : 0.00000000 , USD1 val: 0
0 3488540163187236 0x4393F4390b84B32776CE312DF401305Dc25E64a4 amount0 : 0.00000000 , USD0 val: no amount1 : 0.00348854 , USD1 val: 0.25
Error pair 0x086816f6E830300cb209A709373f203877A9EC35
-5602780958 0 0xCcdFB889b1B23E0E0Ca1ec0efE025A57346E5a7a amount0 : -0.00000001 , USD0 val: no amount1 : 0.00000000 , USD1 val: 0
0 3488914606932658 0x4393F4390b84B32776CE312DF401305Dc25E64a4 amount0 : 0.00000000 , USD0 val: no amount1 : 0.00348891 , USD1 val: 0.25
Error pair 0xAa328Da9A6bA1143a9aD05161abE4bbD8B03CeDd
Error pair 0x086816f6E830300cb209A709373f203877A9EC35
-5602780958 0 0xCcdFB889b1B23E0E0Ca1ec0efE025A57346E5a7a amount0 : -0.00000001 , USD0 val: no amount1 : 0.00000000 , USD1 val: 0
0 3489291080183474 0x4393F4390b84B32776CE312DF401305Dc25E64a4 amount0 : 0.00000000 , USD0 val: no amount1 : 0.00348929 , USD1 val: 0.25
Error pair 0x086816f6E830300cb209A709373f203877A9EC35
-5602780958 0 0xCcdFB889b1B23E0E0Ca1ec0efE025A57346E5a7a amount0 : -0.00000001 , USD0 val: no amount1 : 0.00000000 , USD1 val: 0
0 3489662479670803 0x4393F4390b84B32776CE312DF401305Dc25E64a4 amount0 : 0.00000000 , USD0 val: no amount1 : 0.00348966 , USD1 val: 0.25
Error pair 0x086816f6E830300cb209A709373f203877A9EC35
-5602780958 0 0xCcdFB889b1B23E0E0Ca1ec0efE025A57346E5a7a amount0 : -0.00000001 , USD0 val: no amount1 : 0.00000000 , USD1 val: 0
0 3490037938168922 0x4393F4390b84B32776CE312DF401305Dc25E64a4 amount0 : 0.00000000 , USD0 val: no amount1 : 0.00349004 , USD1 val: 0.25
Error pair 0x086816f6E830300cb209A709373f203877A9EC35
-5602780958 0 0xCcdFB889b1B23E0E0Ca1ec0efE025A57346E5a7a amount0 : -0.00000001 , USD0 val: no amount1 : 0.00000000 , USD1 val: 0
0 3490414411419739 0x4393F4390b84B32776CE312DF401305Dc25E64a4 amount0 : 0.00000000 , USD0 val: no amount1 : 0.00349041 , USD1 val: 0.25
Error pair 0x086816f6E830300cb209A709373f203877A9EC35
-5602780958 0 0xCcdFB889b1B23E0E0Ca1ec0efE025A57346E5a7a amount0 : -0.00000001 , USD0 val: no amount1 : 0.00000000 , USD1 val: 0
0 3490786825659765 0x4393F4390b84B32776CE312DF401305Dc25E64a4 amount0 : 0.00000000 , USD0 val: no amount1 : 0.00349079 , USD1 val: 0.25
Error pair 0x086816f6E830300cb209A709373f203877A9EC35
-5602780958 0 0xCcdFB889b1B23E0E0Ca1ec0efE025A57346E5a7a amount0 : -0.00000001 , USD0 val: no amount1 : 0.00000000 , USD1 val: 0
0 3491167357921372 0x4393F4390b84B32776CE312DF401305Dc25E64a4 amount0 : 0.00000000 , USD0 val: no amount1 : 0.00349117 , USD1 val: 0.25
Error pair 0x086816f6E830300cb209A709373f203877A9EC35
-5602780958 0 0xCcdFB889b1B23E0E0Ca1ec0efE025A57346E5a7a amount0 : -0.00000001 , USD0 val: no amount1 : 0.00000000 , USD1 val: 0
0 3491547890182979 0x4393F4390b84B32776CE312DF401305Dc25E64a4 amount0 : 0.00000000 , USD0 val: no amount1 : 0.00349155 , USD1 val: 0.25
Error pair 0x086816f6E830300cb209A709373f203877A9EC35
-5602780958 0 0xCcdFB889b1B23E0E0Ca1ec0efE025A57346E5a7a amount0 : -0.00000001 , USD0 val: no amount1 : 0.00000000 , USD1 val: 0
0 3491922333928401 0x4393F4390b84B32776CE312DF401305Dc25E64a4 amount0 : 0.00000000 , USD0 val: no amount1 : 0.00349192 , USD1 val: 0.25
Error pair 0x086816f6E830300cb209A709373f203877A9EC35
-5602780958 0 0xCcdFB889b1B23E0E0Ca1ec0efE025A57346E5a7a amount0 : -0.00000001 , USD0 val: no amount1 : 0.00000000 , USD1 val: 0
0 3492299821931915 0x4393F4390b84B32776CE312DF401305Dc25E64a4 amount0 : 0.00000000 , USD0 val: no amount1 : 0.00349230 , USD1 val: 0.25
Error pair 0x086816f6E830300cb209A709373f203877A9EC35
-5602780958 0 0xCcdFB889b1B23E0E0Ca1ec0efE025A57346E5a7a amount0 : -0.00000001 , USD0 val: no amount1 : 0.00000000 , USD1 val: 0
0 3492677309935430 0x4393F4390b84B32776CE312DF401305Dc25E64a4 amount0 : 0.00000000 , USD0 val: no amount1 : 0.00349268 , USD1 val: 0.25
Error pair 0x086816f6E830300cb209A709373f203877A9EC35
-5602780958 0 0xCcdFB889b1B23E0E0Ca1ec0efE025A57346E5a7a amount0 : -0.00000001 , USD0 val: no amount1 : 0.00000000 , USD1 val: 0
0 3493051753680851 0x4393F4390b84B32776CE312DF401305Dc25E64a4 amount0 : 0.00000000 , USD0 val: no amount1 : 0.00349305 , USD1 val: 0.25
Error pair 0x086816f6E830300cb209A709373f203877A9EC35
-5602780958 0 0xCcdFB889b1B23E0E0Ca1ec0efE025A57346E5a7a amount0 : -0.00000001 , USD0 val: no amount1 : 0.00000000 , USD1 val: 0
0 3493428226931668 0x4393F4390b84B32776CE312DF401305Dc25E64a4 amount0 : 0.00000000 , USD0 val: no amount1 : 0.00349343 , USD1 val: 0.25
Error pair 0x086816f6E830300cb209A709373f203877A9EC35
-5602780958 0 0xCcdFB889b1B23E0E0Ca1ec0efE025A57346E5a7a amount0 : -0.00000001 , USD0 val: no amount1 : 0.00000000 , USD1 val: 0
0 3493805714935182 0x4393F4390b84B32776CE312DF401305Dc25E64a4 amount0 : 0.00000000 , USD0 val: no amount1 : 0.00349381 , USD1 val: 0.25
-2667324835938353339 141314501893472072 0xbCD62661A6b1DEd703585d3aF7d7649Ef4dcDB5c amount0 : -2.66732484 , USD0 val: -73.8 amount1 : 0.14131450 , USD1 val: 73.84
Error pair 0x086816f6E830300cb209A709373f203877A9EC35
-5602780958 0 0xCcdFB889b1B23E0E0Ca1ec0efE025A57346E5a7a amount0 : -0.00000001 , USD0 val: no amount1 : 0.00000000 , USD1 val: 0
0 3494171025906325 0x4393F4390b84B32776CE312DF401305Dc25E64a4 amount0 : 0.00000000 , USD0 val: no amount1 : 0.00349417 , USD1 val: 0.25
Error pair 0x086816f6E830300cb209A709373f203877A9EC35
-5602780958 0 0xCcdFB889b1B23E0E0Ca1ec0efE025A57346E5a7a amount0 : -0.00000001 , USD0 val: no amount1 : 0.00000000 , USD1 val: 0
0 3494551558167932 0x4393F4390b84B32776CE312DF401305Dc25E64a4 amount0 : 0.00000000 , USD0 val: no amount1 : 0.00349455 , USD1 val: 0.25
Error pair 0x086816f6E830300cb209A709373f203877A9EC35
-5602780958 0 0xCcdFB889b1B23E0E0Ca1ec0efE025A57346E5a7a amount0 : -0.00000001 , USD0 val: no amount1 : 0.00000000 , USD1 val: 0
0 3494932090429539 0x4393F4390b84B32776CE312DF401305Dc25E64a4 amount0 : 0.00000000 , USD0 val: no amount1 : 0.00349493 , USD1 val: 0.25
Error pair 0x086816f6E830300cb209A709373f203877A9EC35
